<?xml version="1.0" encoding="UTF-8"?>
<!-- Generated by org.testng.reporters.JUnitXMLReporter -->
<testsuite hostname="Amit" name="javaPractice" tests="4" failures="0" timestamp="30 Jun 2016 17:18:31 GMT" time="0.028" errors="0">
  <testcase name="sample2" time="0.009" classname="fliokart.java.practice.sample">
    <skipped/>
  </testcase> <!-- sample2 -->
  <testcase name="sample1" time="0.001" classname="fliokart.java.practice.sample"/>
  <testcase name="sample4" time="0.0" classname="fliokart.java.practice.sample"/>
  <testcase name="sample6" time="0.001" classname="fliokart.java.practice.sample"/>
</testsuite> <!-- javaPractice -->
