<?xml version="1.0" encoding="UTF-8"?>
<!-- Generated by org.testng.reporters.JUnitXMLReporter -->
<testsuite hostname="Amit" name="javaPractice2" tests="4" failures="1" timestamp="2 Aug 2016 17:20:00 GMT" time="5.176" errors="0">
  <testcase name="setup" time="5.142" classname="fliokart.java.practice2.multipleWindow"/>
  <testcase name="sample1" time="0.001" classname="fliokart.java.practice2.sample"/>
  <testcase name="sample2" time="0.003" classname="fliokart.java.practice2.sample"/>
  <testcase name="sample3" time="0.003" classname="fliokart.java.practice2.sample">
    <failure type="java.lang.AssertionError" message="Failed expected [true] but found [false]">
      <![CDATA[java.lang.AssertionError: Failed expected [true] but found [false]
	at fliokart.java.practice2.sample.sample3(sample.java:18)
... Removed 27 stack frames]]>
    </failure>
  </testcase> <!-- sample3 -->
</testsuite> <!-- javaPractice2 -->
